<?xml version="1.0" encoding="UTF-8"?>
<!-- Generated by org.testng.reporters.JUnitXMLReporter -->
<testsuite hostname="ShivaleelaHMBP" name="Test" tests="1" failures="1" timestamp="17 Apr 2017 12:03:53 GMT" time="60.304" errors="0">
  <testcase name="getExcel" time="43.299" classname="TPRI_TJL.TPRITJL_UserNavigation_RegressionTest">
    <failure type="org.openqa.selenium.WebDriverException" message="unknown error: Element &amp;lt;td class=&amp;quot;go&amp;quot; style=&amp;quot;pointer-events: auto; border-right: 1px solid rgb(110, 184, 72);&amp;quot;&amp;gt;...&amp;lt;/td&amp;gt; is not clickable at point (52, 184). Other element would receive the click: &amp;lt;div class=&amp;quot;verticalcenter&amp;quot;&amp;gt;...&amp;lt;/div&amp;gt;
  (Session info: chrome=55.0.2883.95)
  (Driver info: chromedriver=2.27.440174 (e97a722caafc2d3a8b807ee115bfb307f7d2cfd9),platform=Mac OS X 10.11.0 x86_64) (WARNING: The server did not provide any stacktrace information)
Command duration or timeout: 78 milliseconds
Build info: version: &amp;apos;2.53.0&amp;apos;, revision: &amp;apos;35ae25b&amp;apos;, time: &amp;apos;2016-03-15 17:00:58&amp;apos;
System info: host: &amp;apos;ShivaleelaHMBP&amp;apos;, ip: &amp;apos;192.168.2.102&amp;apos;, os.name: &amp;apos;Mac OS X&amp;apos;, os.arch: &amp;apos;x86_64&amp;apos;, os.version: &amp;apos;10.11&amp;apos;, java.version: &amp;apos;1.8.0_121&amp;apos;
Driver info: org.openqa.selenium.chrome.ChromeDriver
Capabilities [{applicationCacheEnabled=false, rotatable=false, mobileEmulationEnabled=false, networkConnectionEnabled=false, chrome={chromedriverVersion=2.27.440174 (e97a722caafc2d3a8b807ee115bfb307f7d2cfd9), userDataDir=/var/folders/2r/n6zd9xmj21l95nhjbqhf14q80000gn/T/.org.chromium.Chromium.xCqZTi}, takesHeapSnapshot=true, pageLoadStrategy=normal, databaseEnabled=false, handlesAlerts=true, hasTouchScreen=false, version=55.0.2883.95, platform=MAC, browserConnectionEnabled=false, nativeEvents=true, acceptSslCerts=true, locationContextEnabled=true, webStorageEnabled=true, browserName=chrome, takesScreenshot=true, javascriptEnabled=true, cssSelectorsEnabled=true, unexpectedAlertBehaviour=}]
Session ID: d8ee459b98e708db71b36f9c4375c1a9">
      <![CDATA[org.openqa.selenium.WebDriverException: unknown error: Element <td class="go" style="pointer-events: auto; border-right: 1px solid rgb(110, 184, 72);">...</td> is not clickable at point (52, 184). Other element would receive the click: <div class="verticalcenter">...</div>
  (Session info: chrome=55.0.2883.95)
  (Driver info: chromedriver=2.27.440174 (e97a722caafc2d3a8b807ee115bfb307f7d2cfd9),platform=Mac OS X 10.11.0 x86_64) (WARNING: The server did not provide any stacktrace information)
Command duration or timeout: 78 milliseconds
Build info: version: '2.53.0', revision: '35ae25b', time: '2016-03-15 17:00:58'
System info: host: 'ShivaleelaHMBP', ip: '192.168.2.102', os.name: 'Mac OS X', os.arch: 'x86_64', os.version: '10.11', java.version: '1.8.0_121'
Driver info: org.openqa.selenium.chrome.ChromeDriver
Capabilities [{applicationCacheEnabled=false, rotatable=false, mobileEmulationEnabled=false, networkConnectionEnabled=false, chrome={chromedriverVersion=2.27.440174 (e97a722caafc2d3a8b807ee115bfb307f7d2cfd9), userDataDir=/var/folders/2r/n6zd9xmj21l95nhjbqhf14q80000gn/T/.org.chromium.Chromium.xCqZTi}, takesHeapSnapshot=true, pageLoadStrategy=normal, databaseEnabled=false, handlesAlerts=true, hasTouchScreen=false, version=55.0.2883.95, platform=MAC, browserConnectionEnabled=false, nativeEvents=true, acceptSslCerts=true, locationContextEnabled=true, webStorageEnabled=true, browserName=chrome, takesScreenshot=true, javascriptEnabled=true, cssSelectorsEnabled=true, unexpectedAlertBehaviour=}]
Session ID: d8ee459b98e708db71b36f9c4375c1a9
	at org.openqa.selenium.remote.ErrorHandler.createThrowable(ErrorHandler.java:206)
	at org.openqa.selenium.remote.ErrorHandler.throwIfResponseFailed(ErrorHandler.java:158)
	at org.openqa.selenium.remote.RemoteWebDriver.execute(RemoteWebDriver.java:678)
	at org.openqa.selenium.remote.RemoteWebElement.execute(RemoteWebElement.java:327)
	at org.openqa.selenium.remote.RemoteWebElement.click(RemoteWebElement.java:85)
	at TPRI_TJL.TPRITJL_RegressionScenario.greenArrow(TPRITJL_RegressionScenario.java:16)
	at TPRI_TJL.TPRITJL_RegressionScenario.assessmentFilter(TPRITJL_RegressionScenario.java:76)
	at TPRI_TJL.TPRITJL_UserNavigation_RegressionTest.getExcel(TPRITJL_UserNavigation_RegressionTest.java:51)
... Removed 27 stack frames]]>
    </failure>
  </testcase> <!-- getExcel -->
</testsuite> <!-- Test -->
