<?xml version="1.0" encoding="UTF-8"?>
<testng-results skipped="1" failed="0" total="1" passed="0">
  <reporter-output>
  </reporter-output>
  <suite name="Default suite" duration-ms="242" started-at="2018-02-08T09:22:32Z" finished-at="2018-02-08T09:22:33Z">
    <groups>
    </groups>
    <test name="Default test" duration-ms="242" started-at="2018-02-08T09:22:32Z" finished-at="2018-02-08T09:22:33Z">
      <class name="test.Parameterization">
        <test-method status="SKIP" signature="login(int, int, int, int, int)[pri:0, instance:test.Parameterization@396a51ab]" name="login" duration-ms="0" started-at="2018-02-08T14:52:32Z" data-provider="getData" finished-at="2018-02-08T14:52:32Z">
          <exception class="java.lang.RuntimeException">
            <message>
              <![CDATA[java.lang.StringIndexOutOfBoundsException: String index out of range: 68]]>
            </message>
            <full-stacktrace>
              <![CDATA[java.lang.RuntimeException: java.lang.StringIndexOutOfBoundsException: String index out of range: 68
	at org.testng.internal.MethodInvocationHelper.invokeDataProvider(MethodInvocationHelper.java:162)
	at org.testng.internal.Parameters.handleParameters(Parameters.java:430)
	at org.testng.internal.Invoker.handleParameters(Invoker.java:1270)
	at org.testng.internal.Invoker.createParameters(Invoker.java:985)
	at org.testng.internal.Invoker.invokeTestMethods(Invoker.java:1075)
	at org.testng.internal.TestMethodWorker.invokeTestMethods(TestMethodWorker.java:125)
	at org.testng.internal.TestMethodWorker.run(TestMethodWorker.java:108)
	at org.testng.TestRunner.privateRun(TestRunner.java:774)
	at org.testng.TestRunner.run(TestRunner.java:624)
	at org.testng.SuiteRunner.runTest(SuiteRunner.java:359)
	at org.testng.SuiteRunner.runSequentially(SuiteRunner.java:354)
	at org.testng.SuiteRunner.privateRun(SuiteRunner.java:312)
	at org.testng.SuiteRunner.run(SuiteRunner.java:261)
	at org.testng.SuiteRunnerWorker.runSuite(SuiteRunnerWorker.java:52)
	at org.testng.SuiteRunnerWorker.run(SuiteRunnerWorker.java:86)
	at org.testng.TestNG.runSuitesSequentially(TestNG.java:1215)
	at org.testng.TestNG.runSuitesLocally(TestNG.java:1140)
	at org.testng.TestNG.run(TestNG.java:1048)
	at org.testng.remote.AbstractRemoteTestNG.run(AbstractRemoteTestNG.java:132)
	at org.testng.remote.RemoteTestNG.initAndRun(RemoteTestNG.java:230)
	at org.testng.remote.RemoteTestNG.main(RemoteTestNG.java:76)
Caused by: java.lang.StringIndexOutOfBoundsException: String index out of range: 68
	at java.lang.String.checkBounds(String.java:385)
	at java.lang.String.<init>(String.java:425)
	at jxl.biff.StringHelper.getString(StringHelper.java:164)
	at jxl.read.biff.WriteAccessRecord.<init>(WriteAccessRecord.java:56)
	at jxl.read.biff.WorkbookParser.parse(WorkbookParser.java:820)
	at jxl.Workbook.getWorkbook(Workbook.java:237)
	at jxl.Workbook.getWorkbook(Workbook.java:198)
	at test.Parameterization.getData(Parameterization.java:28)
	at sun.reflect.NativeMethodAccessorImpl.invoke0(Native Method)
	at sun.reflect.NativeMethodAccessorImpl.invoke(NativeMethodAccessorImpl.java:62)
	at sun.reflect.DelegatingMethodAccessorImpl.invoke(DelegatingMethodAccessorImpl.java:43)
	at java.lang.reflect.Method.invoke(Method.java:498)
	at org.testng.internal.MethodInvocationHelper.invokeMethod(MethodInvocationHelper.java:85)
	at org.testng.internal.MethodInvocationHelper.invokeDataProvider(MethodInvocationHelper.java:136)
	... 20 more
]]>
            </full-stacktrace>
          </exception> <!-- java.lang.RuntimeException -->
          <reporter-output>
          </reporter-output>
        </test-method> <!-- login -->
      </class> <!-- test.Parameterization -->
    </test> <!-- Default test -->
  </suite> <!-- Default suite -->
</testng-results>
